#
# A fatal error has been detected by the Java Runtime Environment:
#
#  Internal Error (cfgnode.cpp:961), pid=1729, tid=24323
#  Error: ShouldNotReachHere()
#
# JRE version: Java(TM) SE Runtime Environment (17.0.10+11) (build 17.0.10+11-LTS-240)
# Java VM: Java HotSpot(TM) 64-Bit Server VM (17.0.10+11-LTS-240, mixed mode, sharing, tiered, compressed oops, compressed class ptrs, g1 gc, bsd-amd64)
# No core dump will be written. Core dumps have been disabled. To enable core dumping, try "ulimit -c unlimited" before starting Java again
#
# If you would like to submit a bug report, please visit:
#   https://bugreport.java.com/bugreport/crash.jsp
#

---------------  S U M M A R Y ------------

Command Line: com.casacultural.filme.FilmeApplication

Host: "MacBookPro8,1" x86_64 2300 MHz, 4 cores, 16G, Darwin 22.6.0, macOS 13.7.4 (22H420)
Time: Mon Apr 28 13:53:01 2025 -03 elapsed time: 40.509970 seconds (0d 0h 0m 40s)

---------------  T H R E A D  ---------------

Current thread (0x00007fa5e701d200):  JavaThread "C2 CompilerThread0" daemon [_thread_in_native, id=24323, stack(0x000070000857a000,0x000070000867a000)]


Current CompileTask:
C2:  40510 5678 %     4       java.util.Properties$LineReader::readLine @ 224 (584 bytes)

Stack: [0x000070000857a000,0x000070000867a000],  sp=0x0000700008675fa0,  free space=1007k
Native frames: (J=compiled Java code, j=interpreted, Vv=VM code, C=native code)
V  [libjvm.dylib+0xa76266]  VMError::report_and_die(int, char const*, char const*, __va_list_tag*, Thread*, unsigned char*, void*, void*, char const*, int, unsigned long)+0x696
V  [libjvm.dylib+0xa7681b]  VMError::report_and_die(Thread*, void*, char const*, int, char const*, char const*, __va_list_tag*)+0x3b
V  [libjvm.dylib+0x353e3e]  report_vm_error(char const*, int, char const*, char const*, ...)+0xce
V  [libjvm.dylib+0x296d22]  Node::nonnull_req() const+0x42
V  [libjvm.dylib+0x4e3c6f]  IfNode::Ideal(PhaseGVN*, bool)+0x1cf
V  [libjvm.dylib+0x8cbaaf]  PhaseIterGVN::transform_old(Node*)+0xaf
V  [libjvm.dylib+0x8cb69d]  PhaseIterGVN::optimize()+0x8d
V  [libjvm.dylib+0x31e513]  PhaseIdealLoop::optimize(PhaseIterGVN&, LoopOptsMode)+0x83
V  [libjvm.dylib+0x31e742]  Compile::optimize_loops(PhaseIterGVN&, LoopOptsMode)+0x92
V  [libjvm.dylib+0x31aa43]  Compile::Optimize()+0x1323
V  [libjvm.dylib+0x3184d1]  Compile::Compile(ciEnv*, ciMethod*, int, bool, bool, bool, bool, bool, DirectiveSet*)+0x1041
V  [libjvm.dylib+0x27f2d2]  C2Compiler::compile_method(ciEnv*, ciMethod*, int, bool, DirectiveSet*)+0xf2
V  [libjvm.dylib+0x32b527]  CompileBroker::invoke_compiler_on_method(CompileTask*)+0x577
V  [libjvm.dylib+0x32aefc]  CompileBroker::compiler_thread_loop()+0x56c
V  [libjvm.dylib+0xa00527]  JavaThread::thread_main_inner()+0x147
V  [libjvm.dylib+0x9feb0a]  Thread::call_run()+0x11a
V  [libjvm.dylib+0x88f0d8]  thread_native_entry(Thread*)+0x148
C  [libsystem_pthread.dylib+0x61d3]  _pthread_start+0x7d
C  [libsystem_pthread.dylib+0x1bd3]  thread_start+0xf


---------------  P R O C E S S  ---------------

Threads class SMR info:
_java_thread_list=0x00006000032627c0, length=29, elements={
0x00007fa5e8073000, 0x00007fa5e6816c00, 0x00007fa5e7018200, 0x00007fa5e7019000,
0x00007fa5e7019600, 0x00007fa5e701d200, 0x00007fa5e701d800, 0x00007fa5e807a600,
0x00007fa5e701b000, 0x00007fa5e580ca00, 0x00007fa5e6cf4800, 0x00007fa5e6c1aa00,
0x00007fa5e73dba00, 0x00007fa5e5b05e00, 0x00007fa5e6c10800, 0x00007fa5e8116400,
0x00007fa5e5deb000, 0x00007fa5e5b07600, 0x00007fa5e588fa00, 0x00007fa5e807ac00,
0x00007fa5e5968800, 0x00007fa5e999a000, 0x00007fa5e5968e00, 0x00007fa5e84bfe00,
0x00007fa5e83a2600, 0x00007fa5e999a600, 0x00007fa5e6c47200, 0x00007fa5e68ac200,
0x00007fa5eb0e0200
}

Java Threads: ( => current thread )
  0x00007fa5e8073000 JavaThread "Reference Handler" daemon [_thread_blocked, id=18947, stack(0x0000700007ee2000,0x0000700007fe2000)]
  0x00007fa5e6816c00 JavaThread "Finalizer" daemon [_thread_blocked, id=18691, stack(0x0000700007fe5000,0x00007000080e5000)]
  0x00007fa5e7018200 JavaThread "Signal Dispatcher" daemon [_thread_blocked, id=23811, stack(0x0000700008271000,0x0000700008371000)]
  0x00007fa5e7019000 JavaThread "Service Thread" daemon [_thread_blocked, id=31491, stack(0x0000700008374000,0x0000700008474000)]
  0x00007fa5e7019600 JavaThread "Monitor Deflation Thread" daemon [_thread_blocked, id=24067, stack(0x0000700008477000,0x0000700008577000)]
=>0x00007fa5e701d200 JavaThread "C2 CompilerThread0" daemon [_thread_in_native, id=24323, stack(0x000070000857a000,0x000070000867a000)]
  0x00007fa5e701d800 JavaThread "C1 CompilerThread0" daemon [_thread_blocked, id=24835, stack(0x000070000867d000,0x000070000877d000)]
  0x00007fa5e807a600 JavaThread "Sweeper thread" daemon [_thread_blocked, id=30467, stack(0x0000700008780000,0x0000700008880000)]
  0x00007fa5e701b000 JavaThread "Notification Thread" daemon [_thread_blocked, id=29955, stack(0x0000700008883000,0x0000700008983000)]
  0x00007fa5e580ca00 JavaThread "Common-Cleaner" daemon [_thread_blocked, id=25091, stack(0x0000700008a89000,0x0000700008b89000)]
  0x00007fa5e6cf4800 JavaThread "Catalina-utility-1" [_thread_blocked, id=27651, stack(0x000070000909b000,0x000070000919b000)]
  0x00007fa5e6c1aa00 JavaThread "Catalina-utility-2" [_thread_blocked, id=27139, stack(0x000070000919e000,0x000070000929e000)]
  0x00007fa5e73dba00 JavaThread "container-0" [_thread_blocked, id=43267, stack(0x00007000092a1000,0x00007000093a1000)]
  0x00007fa5e5b05e00 JavaThread "mysql-cj-abandoned-connection-cleanup" daemon [_thread_blocked, id=33283, stack(0x00007000093a4000,0x00007000094a4000)]
  0x00007fa5e6c10800 JavaThread "HikariPool-1 housekeeper" daemon [_thread_blocked, id=33539, stack(0x00007000094a7000,0x00007000095a7000)]
  0x00007fa5e8116400 JavaThread "http-nio-8080-exec-1" daemon [_thread_in_native, id=34055, stack(0x00007000095aa000,0x00007000096aa000)]
  0x00007fa5e5deb000 JavaThread "http-nio-8080-exec-2" daemon [_thread_blocked, id=34563, stack(0x00007000096ad000,0x00007000097ad000)]
  0x00007fa5e5b07600 JavaThread "http-nio-8080-exec-3" daemon [_thread_blocked, id=42755, stack(0x00007000097b0000,0x00007000098b0000)]
  0x00007fa5e588fa00 JavaThread "http-nio-8080-exec-4" daemon [_thread_blocked, id=42499, stack(0x00007000098b3000,0x00007000099b3000)]
  0x00007fa5e807ac00 JavaThread "http-nio-8080-exec-5" daemon [_thread_blocked, id=35587, stack(0x00007000099b6000,0x0000700009ab6000)]
  0x00007fa5e5968800 JavaThread "http-nio-8080-exec-6" daemon [_thread_blocked, id=35843, stack(0x0000700009ab9000,0x0000700009bb9000)]
  0x00007fa5e999a000 JavaThread "http-nio-8080-exec-7" daemon [_thread_blocked, id=36355, stack(0x0000700009bbc000,0x0000700009cbc000)]
  0x00007fa5e5968e00 JavaThread "http-nio-8080-exec-8" daemon [_thread_blocked, id=41987, stack(0x0000700009cbf000,0x0000700009dbf000)]
  0x00007fa5e84bfe00 JavaThread "http-nio-8080-exec-9" daemon [_thread_blocked, id=37123, stack(0x0000700009dc2000,0x0000700009ec2000)]
  0x00007fa5e83a2600 JavaThread "http-nio-8080-exec-10" daemon [_thread_blocked, id=41475, stack(0x0000700009ec5000,0x0000700009fc5000)]
  0x00007fa5e999a600 JavaThread "http-nio-8080-Poller" daemon [_thread_in_native, id=41219, stack(0x0000700009fc8000,0x000070000a0c8000)]
  0x00007fa5e6c47200 JavaThread "http-nio-8080-Acceptor" daemon [_thread_in_native, id=37891, stack(0x000070000a0cb000,0x000070000a1cb000)]
  0x00007fa5e68ac200 JavaThread "DestroyJavaVM" [_thread_blocked, id=10499, stack(0x00007000077cd000,0x00007000078cd000)]
  0x00007fa5eb0e0200 JavaThread "C2 CompilerThread1" daemon [_thread_blocked, id=28943, stack(0x0000700008b8c000,0x0000700008c8c000)]

Other Threads:
  0x00007fa5e6006340 VMThread "VM Thread" [stack: 0x0000700007ddf000,0x0000700007edf000] [id=19203]
  0x00007fa5e57073c0 WatcherThread [stack: 0x0000700008986000,0x0000700008a86000] [id=29443]
  0x00007fa5e5706b60 GCTaskThread "GC Thread#0" [stack: 0x00007000078d0000,0x00007000079d0000] [id=12803]
  0x00007fa5e6112510 GCTaskThread "GC Thread#1" [stack: 0x0000700008c8f000,0x0000700008d8f000] [id=25603]
  0x00007fa5e600dea0 GCTaskThread "GC Thread#2" [stack: 0x0000700008d92000,0x0000700008e92000] [id=26115]
  0x00007fa5e6112d80 GCTaskThread "GC Thread#3" [stack: 0x0000700008e95000,0x0000700008f95000] [id=28163]
  0x00007fa5e6104df0 ConcurrentGCThread "G1 Main Marker" [stack: 0x00007000079d3000,0x0000700007ad3000] [id=14339]
  0x00007fa5e60043d0 ConcurrentGCThread "G1 Conc#0" [stack: 0x0000700007ad6000,0x0000700007bd6000] [id=13571]
  0x00007fa5e7b04080 ConcurrentGCThread "G1 Refine#0" [stack: 0x0000700007bd9000,0x0000700007cd9000] [id=21251]
  0x00007fa5e603ab50 ConcurrentGCThread "G1 Refine#1" [stack: 0x00007000080e8000,0x00007000081e8000] [id=22535]
  0x00007fa5e613eb40 ConcurrentGCThread "G1 Refine#2" [stack: 0x0000700008f98000,0x0000700009098000] [id=26891]
  0x00007fa5e7b04920 ConcurrentGCThread "G1 Service" [stack: 0x0000700007cdc000,0x0000700007ddc000] [id=20739]

Threads with active compile tasks:
C2 CompilerThread0    40552 5678 %     4       java.util.Properties$LineReader::readLine @ 224 (584 bytes)

VM state: not at safepoint (normal execution)

VM Mutex/Monitor currently owned by a thread: None

Heap address: 0x0000000700000000, size: 4096 MB, Compressed Oops mode: Zero based, Oop shift amount: 3

CDS archive(s) mapped at: [0x0000000131000000-0x0000000131be0000-0x0000000131be0000), size 12451840, SharedBaseAddress: 0x0000000131000000, ArchiveRelocationMode: 1.
Compressed class space mapped at: 0x0000000132000000-0x0000000172000000, reserved size: 1073741824
Narrow klass base: 0x0000000131000000, Narrow klass shift: 0, Narrow klass range: 0x100000000

GC Precious Log:
 CPUs: 4 total, 4 available
 Memory: 16384M
 Large Page Support: Disabled
 NUMA Support: Disabled
 Compressed Oops: Enabled (Zero based)
 Heap Region Size: 2M
 Heap Min Capacity: 8M
 Heap Initial Capacity: 256M
 Heap Max Capacity: 4G
 Pre-touch: Disabled
 Parallel Workers: 4
 Concurrent Workers: 1
 Concurrent Refinement Workers: 4
 Periodic GC: Disabled

Heap:
 garbage-first heap   total 90112K, used 38674K [0x0000000700000000, 0x0000000800000000)
  region size 2048K, 9 young (18432K), 3 survivors (6144K)
 Metaspace       used 67612K, committed 68160K, reserved 1114112K
  class space    used 9328K, committed 9600K, reserved 1048576K

Heap Regions: E=young(eden), S=young(survivor), O=old, HS=humongous(starts), HC=humongous(continues), CS=collection set, F=free, OA=open archive, CA=closed archive, TAMS=top-at-mark-start (previous, next)
|   0|0x0000000700000000, 0x0000000700200000, 0x0000000700200000|100%| O|  |TAMS 0x0000000700200000, 0x0000000700000000| Untracked 
|   1|0x0000000700200000, 0x0000000700400000, 0x0000000700400000|100%| O|  |TAMS 0x0000000700400000, 0x0000000700200000| Untracked 
|   2|0x0000000700400000, 0x0000000700600000, 0x0000000700600000|100%| O|  |TAMS 0x0000000700600000, 0x0000000700400000| Untracked 
|   3|0x0000000700600000, 0x0000000700800000, 0x0000000700800000|100%| O|  |TAMS 0x0000000700800000, 0x0000000700600000| Untracked 
|   4|0x0000000700800000, 0x0000000700a00000, 0x0000000700a00000|100%| O|  |TAMS 0x0000000700a00000, 0x0000000700800000| Untracked 
|   5|0x0000000700a00000, 0x0000000700c00000, 0x0000000700c00000|100%| O|  |TAMS 0x0000000700c00000, 0x0000000700a00000| Untracked 
|   6|0x0000000700c00000, 0x0000000700e00000, 0x0000000700e00000|100%| O|  |TAMS 0x0000000700e00000, 0x0000000700c00000| Untracked 
|   7|0x0000000700e00000, 0x0000000701000000, 0x0000000701000000|100%| O|  |TAMS 0x0000000701000000, 0x0000000700e00000| Untracked 
|   8|0x0000000701000000, 0x0000000701200000, 0x0000000701200000|100%| O|  |TAMS 0x0000000701200000, 0x0000000701000000| Untracked 
|   9|0x0000000701200000, 0x0000000701400000, 0x0000000701400000|100%| O|  |TAMS 0x0000000701400000, 0x0000000701200000| Untracked 
|  10|0x0000000701400000, 0x0000000701400000, 0x0000000701600000|  0%| F|  |TAMS 0x0000000701400000, 0x0000000701400000| Untracked 
|  11|0x0000000701600000, 0x0000000701688200, 0x0000000701800000| 26%| O|  |TAMS 0x0000000701688200, 0x0000000701600000| Untracked 
|  12|0x0000000701800000, 0x0000000701800000, 0x0000000701a00000|  0%| F|  |TAMS 0x0000000701800000, 0x0000000701800000| Untracked 
|  13|0x0000000701a00000, 0x0000000701a00000, 0x0000000701c00000|  0%| F|  |TAMS 0x0000000701a00000, 0x0000000701a00000| Untracked 
|  14|0x0000000701c00000, 0x0000000701c00000, 0x0000000701e00000|  0%| F|  |TAMS 0x0000000701c00000, 0x0000000701c00000| Untracked 
|  15|0x0000000701e00000, 0x0000000701e00000, 0x0000000702000000|  0%| F|  |TAMS 0x0000000701e00000, 0x0000000701e00000| Untracked 
|  16|0x0000000702000000, 0x0000000702000000, 0x0000000702200000|  0%| F|  |TAMS 0x0000000702000000, 0x0000000702000000| Untracked 
|  17|0x0000000702200000, 0x0000000702200000, 0x0000000702400000|  0%| F|  |TAMS 0x0000000702200000, 0x0000000702200000| Untracked 
|  18|0x0000000702400000, 0x00000007025467a0, 0x0000000702600000| 63%| S|CS|TAMS 0x0000000702400000, 0x0000000702400000| Complete 
|  19|0x0000000702600000, 0x0000000702800000, 0x0000000702800000|100%| S|CS|TAMS 0x0000000702600000, 0x0000000702600000| Complete 
|  20|0x0000000702800000, 0x0000000702a00000, 0x0000000702a00000|100%| S|CS|TAMS 0x0000000702800000, 0x0000000702800000| Complete 
|  21|0x0000000702a00000, 0x0000000702a00000, 0x0000000702c00000|  0%| F|  |TAMS 0x0000000702a00000, 0x0000000702a00000| Untracked 
|  22|0x0000000702c00000, 0x0000000702c00000, 0x0000000702e00000|  0%| F|  |TAMS 0x0000000702c00000, 0x0000000702c00000| Untracked 
|  23|0x0000000702e00000, 0x0000000702e00000, 0x0000000703000000|  0%| F|  |TAMS 0x0000000702e00000, 0x0000000702e00000| Untracked 
|  24|0x0000000703000000, 0x0000000703000000, 0x0000000703200000|  0%| F|  |TAMS 0x0000000703000000, 0x0000000703000000| Untracked 
|  25|0x0000000703200000, 0x0000000703200000, 0x0000000703400000|  0%| F|  |TAMS 0x0000000703200000, 0x0000000703200000| Untracked 
|  26|0x0000000703400000, 0x0000000703400000, 0x0000000703600000|  0%| F|  |TAMS 0x0000000703400000, 0x0000000703400000| Untracked 
|  27|0x0000000703600000, 0x0000000703600000, 0x0000000703800000|  0%| F|  |TAMS 0x0000000703600000, 0x0000000703600000| Untracked 
|  28|0x0000000703800000, 0x0000000703800000, 0x0000000703a00000|  0%| F|  |TAMS 0x0000000703800000, 0x0000000703800000| Untracked 
|  29|0x0000000703a00000, 0x0000000703a00000, 0x0000000703c00000|  0%| F|  |TAMS 0x0000000703a00000, 0x0000000703a00000| Untracked 
|  30|0x0000000703c00000, 0x0000000703c00000, 0x0000000703e00000|  0%| F|  |TAMS 0x0000000703c00000, 0x0000000703c00000| Untracked 
|  31|0x0000000703e00000, 0x0000000703e00000, 0x0000000704000000|  0%| F|  |TAMS 0x0000000703e00000, 0x0000000703e00000| Untracked 
|  32|0x0000000704000000, 0x0000000704000000, 0x0000000704200000|  0%| F|  |TAMS 0x0000000704000000, 0x0000000704000000| Untracked 
|  33|0x0000000704200000, 0x0000000704200000, 0x0000000704400000|  0%| F|  |TAMS 0x0000000704200000, 0x0000000704200000| Untracked 
|  34|0x0000000704400000, 0x0000000704400000, 0x0000000704600000|  0%| F|  |TAMS 0x0000000704400000, 0x0000000704400000| Untracked 
|  35|0x0000000704600000, 0x0000000704600000, 0x0000000704800000|  0%| F|  |TAMS 0x0000000704600000, 0x0000000704600000| Untracked 
|  36|0x0000000704800000, 0x00000007048b4c20, 0x0000000704a00000| 35%| E|  |TAMS 0x0000000704800000, 0x0000000704800000| Complete 
|  37|0x0000000704a00000, 0x0000000704c00000, 0x0000000704c00000|100%| E|CS|TAMS 0x0000000704a00000, 0x0000000704a00000| Complete 
|  38|0x0000000704c00000, 0x0000000704e00000, 0x0000000704e00000|100%| E|CS|TAMS 0x0000000704c00000, 0x0000000704c00000| Complete 
|  66|0x0000000708400000, 0x0000000708600000, 0x0000000708600000|100%| E|CS|TAMS 0x0000000708400000, 0x0000000708400000| Complete 
|  67|0x0000000708600000, 0x0000000708800000, 0x0000000708800000|100%| E|CS|TAMS 0x0000000708600000, 0x0000000708600000| Complete 
|  96|0x000000070c000000, 0x000000070c200000, 0x000000070c200000|100%| E|CS|TAMS 0x000000070c000000, 0x000000070c000000| Complete 
|2046|0x00000007ffc00000, 0x00000007ffd76000, 0x00000007ffe00000| 73%|OA|  |TAMS 0x00000007ffd76000, 0x00000007ffc00000| Untracked 
|2047|0x00000007ffe00000, 0x00000007ffe80000, 0x0000000800000000| 25%|CA|  |TAMS 0x00000007ffe80000, 0x00000007ffe00000| Untracked 

Card table byte_map: [0x0000000125b8d000,0x000000012638d000] _byte_map_base: 0x000000012238d000

Marking Bits (Prev, Next): (CMBitMap*) 0x00007fa5e700b450, (CMBitMap*) 0x00007fa5e700b410
 Prev Bits: [0x000000012ab8d000, 0x000000012eb8d000)
 Next Bits: [0x0000000126b8d000, 0x000000012ab8d000)

Polling page: 0x000000010d349000

Metaspace:

Usage:
  Non-class:     56.94 MB used.
      Class:      9.11 MB used.
       Both:     66.05 MB used.

Virtual space:
  Non-class space:       64.00 MB reserved,      57.25 MB ( 89%) committed,  1 nodes.
      Class space:        1.00 GB reserved,       9.38 MB ( <1%) committed,  1 nodes.
             Both:        1.06 GB reserved,      66.62 MB (  6%) committed. 

Chunk freelists:
   Non-Class:  6.61 MB
       Class:  6.55 MB
        Both:  13.16 MB

MaxMetaspaceSize: unlimited
CompressedClassSpaceSize: 1.00 GB
Initial GC threshold: 21.00 MB
Current GC threshold: 98.25 MB
CDS: on
MetaspaceReclaimPolicy: balanced
 - commit_granule_bytes: 65536.
 - commit_granule_words: 8192.
 - virtual_space_node_default_size: 8388608.
 - enlarge_chunks_in_place: 1.
 - new_chunks_are_fully_committed: 0.
 - uncommit_free_chunks: 1.
 - use_allocation_guard: 0.
 - handle_deallocations: 1.


Internal statistics:

num_allocs_failed_limit: 9.
num_arena_births: 762.
num_arena_deaths: 0.
num_vsnodes_births: 2.
num_vsnodes_deaths: 0.
num_space_committed: 1066.
num_space_uncommitted: 0.
num_chunks_returned_to_freelist: 9.
num_chunks_taken_from_freelist: 3111.
num_chunk_merges: 9.
num_chunk_splits: 2284.
num_chunks_enlarged: 1825.
num_inconsistent_stats: 0.

CodeHeap 'non-profiled nmethods': size=120032Kb used=2873Kb max_used=2997Kb free=117158Kb
 bounds [0x000000011e655000, 0x000000011e975000, 0x0000000125b8d000]
CodeHeap 'profiled nmethods': size=120028Kb used=9347Kb max_used=10840Kb free=110680Kb
 bounds [0x0000000116b8d000, 0x000000011762d000, 0x000000011e0c4000]
CodeHeap 'non-nmethods': size=5700Kb used=1372Kb max_used=1417Kb free=4327Kb
 bounds [0x000000011e0c4000, 0x000000011e334000, 0x000000011e655000]
 total_blobs=5558 nmethods=4848 adapters=622
 compilation: enabled
              stopped_count=0, restarted_count=0
 full_count=0

Compilation events (20 events):
Event: 40.323 Thread 0x00007fa5e701d200 5669       4       java.util.concurrent.locks.AbstractQueuedSynchronizer::signalNext (34 bytes)
Event: 40.324 Thread 0x00007fa5e701d200 nmethod 5669 0x000000011e77e390 code [0x000000011e77e520, 0x000000011e77e5f8]
Event: 40.324 Thread 0x00007fa5e701d200 5575       4       sun.net.www.protocol.file.Handler::parseURL (18 bytes)
Event: 40.326 Thread 0x00007fa5e701d200 nmethod 5575 0x000000011e77e090 code [0x000000011e77e220, 0x000000011e77e2c8]
Event: 40.329 Thread 0x00007fa5eb0e0200 nmethod 5667 0x000000011e6d7190 code [0x000000011e6d7360, 0x000000011e6d7a98]
Event: 40.383 Thread 0x00007fa5e701d800 5672       3       org.thymeleaf.engine.AttributeDefinitions$AttributeDefinitionRepository::binarySearch (83 bytes)
Event: 40.384 Thread 0x00007fa5e701d800 nmethod 5672 0x0000000116dbf710 code [0x0000000116dbf900, 0x0000000116dbfea0]
Event: 40.396 Thread 0x00007fa5e701d800 5673       3       org.thymeleaf.engine.AttributeDefinitions::forName (149 bytes)
Event: 40.407 Thread 0x00007fa5e701d800 nmethod 5673 0x0000000116f4cc10 code [0x0000000116f4d120, 0x0000000116f4f6f0]
Event: 40.407 Thread 0x00007fa5e701d800 5675       3       org.thymeleaf.util.ProcessorConfigurationUtils$AbstractProcessorWrapper::setElementDefinitions (24 bytes)
Event: 40.408 Thread 0x00007fa5e701d800 nmethod 5675 0x0000000116fb5d10 code [0x0000000116fb5f00, 0x0000000116fb6700]
Event: 40.408 Thread 0x00007fa5e701d800 5674       3       org.thymeleaf.engine.AttributeDefinitions::forHTMLName (34 bytes)
Event: 40.408 Thread 0x00007fa5e701d800 nmethod 5674 0x0000000117075b10 code [0x0000000117075d00, 0x0000000117076170]
Event: 40.430 Thread 0x00007fa5eb0e0200 5676       4       java.util.zip.ZipFile$InflaterCleanupAction::run (12 bytes)
Event: 40.430 Thread 0x00007fa5e701d200 5677   !   4       java.util.zip.ZipFile$CleanableResource::releaseInflater (53 bytes)
Event: 40.448 Thread 0x00007fa5e701d200 nmethod 5677 0x000000011e6c6490 code [0x000000011e6c6640, 0x000000011e6c6f38]
Event: 40.452 Thread 0x00007fa5eb0e0200 nmethod 5676 0x000000011e6c5390 code [0x000000011e6c5560, 0x000000011e6c5ed8]
Event: 40.469 Thread 0x00007fa5e701d200 5678 %     4       java.util.Properties$LineReader::readLine @ 224 (584 bytes)
Event: 40.483 Thread 0x00007fa5e701d800 5679       3       java.io.StringReader::ensureOpen (18 bytes)
Event: 40.483 Thread 0x00007fa5e701d800 nmethod 5679 0x0000000117195e90 code [0x0000000117196040, 0x0000000117196240]

GC Heap History (20 events):
Event: 3.043 GC heap before
{Heap before GC invocations=2 (full 0):
 garbage-first heap   total 266240K, used 29019K [0x0000000700000000, 0x0000000800000000)
  region size 2048K, 11 young (22528K), 1 survivors (2048K)
 Metaspace       used 10640K, committed 10944K, reserved 1114112K
  class space    used 1338K, committed 1472K, reserved 1048576K
}
Event: 3.053 GC heap after
{Heap after GC invocations=3 (full 0):
 garbage-first heap   total 266240K, used 10020K [0x0000000700000000, 0x0000000800000000)
  region size 2048K, 2 young (4096K), 2 survivors (4096K)
 Metaspace       used 10640K, committed 10944K, reserved 1114112K
  class space    used 1338K, committed 1472K, reserved 1048576K
}
Event: 7.245 GC heap before
{Heap before GC invocations=3 (full 0):
 garbage-first heap   total 266240K, used 67364K [0x0000000700000000, 0x0000000800000000)
  region size 2048K, 31 young (63488K), 2 survivors (4096K)
 Metaspace       used 21215K, committed 21504K, reserved 1114112K
  class space    used 2702K, committed 2880K, reserved 1048576K
}
Event: 7.286 GC heap after
{Heap after GC invocations=4 (full 0):
 garbage-first heap   total 266240K, used 15037K [0x0000000700000000, 0x0000000800000000)
  region size 2048K, 4 young (8192K), 4 survivors (8192K)
 Metaspace       used 21215K, committed 21504K, reserved 1114112K
  class space    used 2702K, committed 2880K, reserved 1048576K
}
Event: 9.978 GC heap before
{Heap before GC invocations=5 (full 0):
 garbage-first heap   total 61440K, used 43709K [0x0000000700000000, 0x0000000800000000)
  region size 2048K, 18 young (36864K), 4 survivors (8192K)
 Metaspace       used 26865K, committed 27264K, reserved 1114112K
  class space    used 3487K, committed 3648K, reserved 1048576K
}
Event: 10.028 GC heap after
{Heap after GC invocations=6 (full 0):
 garbage-first heap   total 61440K, used 18199K [0x0000000700000000, 0x0000000800000000)
  region size 2048K, 2 young (4096K), 2 survivors (4096K)
 Metaspace       used 26865K, committed 27264K, reserved 1114112K
  class space    used 3487K, committed 3648K, reserved 1048576K
}
Event: 10.319 GC heap before
{Heap before GC invocations=6 (full 0):
 garbage-first heap   total 61440K, used 20247K [0x0000000700000000, 0x0000000800000000)
  region size 2048K, 3 young (6144K), 2 survivors (4096K)
 Metaspace       used 27214K, committed 27584K, reserved 1114112K
  class space    used 3538K, committed 3712K, reserved 1048576K
}
Event: 10.354 GC heap after
{Heap after GC invocations=7 (full 0):
 garbage-first heap   total 61440K, used 19005K [0x0000000700000000, 0x0000000800000000)
  region size 2048K, 1 young (2048K), 1 survivors (2048K)
 Metaspace       used 27214K, committed 27584K, reserved 1114112K
  class space    used 3538K, committed 3712K, reserved 1048576K
}
Event: 12.331 GC heap before
{Heap before GC invocations=7 (full 0):
 garbage-first heap   total 61440K, used 39485K [0x0000000700000000, 0x0000000800000000)
  region size 2048K, 11 young (22528K), 1 survivors (2048K)
 Metaspace       used 31614K, committed 32000K, reserved 1114112K
  class space    used 4198K, committed 4352K, reserved 1048576K
}
Event: 12.344 GC heap after
{Heap after GC invocations=8 (full 0):
 garbage-first heap   total 161792K, used 19654K [0x0000000700000000, 0x0000000800000000)
  region size 2048K, 1 young (2048K), 1 survivors (2048K)
 Metaspace       used 31614K, committed 32000K, reserved 1114112K
  class space    used 4198K, committed 4352K, reserved 1048576K
}
Event: 13.531 GC heap before
{Heap before GC invocations=8 (full 0):
 garbage-first heap   total 161792K, used 36038K [0x0000000700000000, 0x0000000800000000)
  region size 2048K, 10 young (20480K), 1 survivors (2048K)
 Metaspace       used 35617K, committed 35968K, reserved 1114112K
  class space    used 4812K, committed 4992K, reserved 1048576K
}
Event: 13.541 GC heap after
{Heap after GC invocations=9 (full 0):
 garbage-first heap   total 161792K, used 20565K [0x0000000700000000, 0x0000000800000000)
  region size 2048K, 2 young (4096K), 2 survivors (4096K)
 Metaspace       used 35617K, committed 35968K, reserved 1114112K
  class space    used 4812K, committed 4992K, reserved 1048576K
}
Event: 17.638 GC heap before
{Heap before GC invocations=10 (full 0):
 garbage-first heap   total 90112K, used 69717K [0x0000000700000000, 0x0000000800000000)
  region size 2048K, 26 young (53248K), 2 survivors (4096K)
 Metaspace       used 52148K, committed 52608K, reserved 1114112K
  class space    used 7010K, committed 7232K, reserved 1048576K
}
Event: 17.652 GC heap after
{Heap after GC invocations=11 (full 0):
 garbage-first heap   total 90112K, used 24089K [0x0000000700000000, 0x0000000800000000)
  region size 2048K, 3 young (6144K), 3 survivors (6144K)
 Metaspace       used 52148K, committed 52608K, reserved 1114112K
  class space    used 7010K, committed 7232K, reserved 1048576K
}
Event: 17.768 GC heap before
{Heap before GC invocations=11 (full 0):
 garbage-first heap   total 90112K, used 24089K [0x0000000700000000, 0x0000000800000000)
  region size 2048K, 4 young (8192K), 3 survivors (6144K)
 Metaspace       used 52576K, committed 52992K, reserved 1114112K
  class space    used 7120K, committed 7296K, reserved 1048576K
}
Event: 17.789 GC heap after
{Heap after GC invocations=12 (full 0):
 garbage-first heap   total 90112K, used 23931K [0x0000000700000000, 0x0000000800000000)
  region size 2048K, 1 young (2048K), 1 survivors (2048K)
 Metaspace       used 52576K, committed 52992K, reserved 1114112K
  class space    used 7120K, committed 7296K, reserved 1048576K
}
Event: 19.718 GC heap before
{Heap before GC invocations=12 (full 0):
 garbage-first heap   total 90112K, used 54651K [0x0000000700000000, 0x0000000800000000)
  region size 2048K, 17 young (34816K), 1 survivors (2048K)
 Metaspace       used 59670K, committed 60096K, reserved 1114112K
  class space    used 8123K, committed 8320K, reserved 1048576K
}
Event: 19.726 GC heap after
{Heap after GC invocations=13 (full 0):
 garbage-first heap   total 90112K, used 24907K [0x0000000700000000, 0x0000000800000000)
  region size 2048K, 1 young (2048K), 1 survivors (2048K)
 Metaspace       used 59670K, committed 60096K, reserved 1114112K
  class space    used 8123K, committed 8320K, reserved 1048576K
}
Event: 39.262 GC heap before
{Heap before GC invocations=14 (full 0):
 garbage-first heap   total 90112K, used 65867K [0x0000000700000000, 0x0000000800000000)
  region size 2048K, 21 young (43008K), 1 survivors (2048K)
 Metaspace       used 65294K, committed 65856K, reserved 1114112K
  class space    used 9005K, committed 9280K, reserved 1048576K
}
Event: 39.275 GC heap after
{Heap after GC invocations=15 (full 0):
 garbage-first heap   total 90112K, used 28434K [0x0000000700000000, 0x0000000800000000)
  region size 2048K, 3 young (6144K), 3 survivors (6144K)
 Metaspace       used 65294K, committed 65856K, reserved 1114112K
  class space    used 9005K, committed 9280K, reserved 1048576K
}

Deoptimization events (20 events):
Event: 22.034 Thread 0x00007fa5e5809200 Uncommon trap: trap_request=0xffffff45 fr.pc=0x000000011e87b80c relative=0x00000000000000ec
Event: 22.034 Thread 0x00007fa5e5809200 Uncommon trap: reason=unstable_if action=reinterpret pc=0x000000011e87b80c method=java.util.ArrayList.indexOfRange(Ljava/lang/Object;II)I @ 7 c2
Event: 22.034 Thread 0x00007fa5e5809200 DEOPT PACKING pc=0x000000011e87b80c sp=0x00007000078cc3a0
Event: 22.034 Thread 0x00007fa5e5809200 DEOPT UNPACKING pc=0x000000011e116099 sp=0x00007000078cc340 mode 2
Event: 22.058 Thread 0x00007fa5e5809200 DEOPT PACKING pc=0x0000000116f8b1ce sp=0x00007000078cc110
Event: 22.058 Thread 0x00007fa5e5809200 DEOPT UNPACKING pc=0x000000011e11682f sp=0x00007000078cb608 mode 0
Event: 22.068 Thread 0x00007fa5e5809200 DEOPT PACKING pc=0x000000011761a093 sp=0x00007000078cbb80
Event: 22.068 Thread 0x00007fa5e5809200 DEOPT UNPACKING pc=0x000000011e11682f sp=0x00007000078cb038 mode 0
Event: 26.025 Thread 0x00007fa5e6cf4800 Uncommon trap: trap_request=0xffffff45 fr.pc=0x000000011e906394 relative=0x0000000000000174
Event: 26.025 Thread 0x00007fa5e6cf4800 Uncommon trap: reason=unstable_if action=reinterpret pc=0x000000011e906394 method=java.util.concurrent.locks.ReentrantLock$NonfairSync.initialTryLock()Z @ 25 c2
Event: 26.025 Thread 0x00007fa5e6cf4800 DEOPT PACKING pc=0x000000011e906394 sp=0x000070000919a740
Event: 26.025 Thread 0x00007fa5e6cf4800 DEOPT UNPACKING pc=0x000000011e116099 sp=0x000070000919a6e8 mode 2
Event: 40.394 Thread 0x00007fa5e8116400 Uncommon trap: trap_request=0xffffff45 fr.pc=0x000000011e8186d0 relative=0x0000000000000110
Event: 40.394 Thread 0x00007fa5e8116400 Uncommon trap: reason=unstable_if action=reinterpret pc=0x000000011e8186d0 method=org.thymeleaf.engine.AttributeName.equals(Ljava/lang/Object;)Z @ 2 c2
Event: 40.394 Thread 0x00007fa5e8116400 DEOPT PACKING pc=0x000000011e8186d0 sp=0x00007000096a78f0
Event: 40.394 Thread 0x00007fa5e8116400 DEOPT UNPACKING pc=0x000000011e116099 sp=0x00007000096a7820 mode 2
Event: 40.395 Thread 0x00007fa5e8116400 Uncommon trap: trap_request=0xffffff45 fr.pc=0x000000011e6d88bc relative=0x000000000000009c
Event: 40.395 Thread 0x00007fa5e8116400 Uncommon trap: reason=unstable_if action=reinterpret pc=0x000000011e6d88bc method=org.thymeleaf.engine.AttributeName.equals(Ljava/lang/Object;)Z @ 2 c2
Event: 40.395 Thread 0x00007fa5e8116400 DEOPT PACKING pc=0x000000011e6d88bc sp=0x00007000096a7850
Event: 40.395 Thread 0x00007fa5e8116400 DEOPT UNPACKING pc=0x000000011e116099 sp=0x00007000096a7810 mode 2

Classes unloaded (0 events):
No events

Classes redefined (0 events):
No events

Internal exceptions (20 events):
Event: 20.199 Thread 0x00007fa5e5809200 Exception <a 'java/lang/NoSuchMethodError'{0x0000000704cdda50}: 'int java.lang.invoke.DirectMethodHandle$Holder.invokeStatic(java.lang.Object, java.lang.Object, int)'> (0x0000000704cdda50) 
thrown [open/src/hotspot/share/interpreter/linkResolver.cpp, line 759]
Event: 20.216 Thread 0x00007fa5e5809200 Exception <a 'java/lang/IncompatibleClassChangeError'{0x0000000704d259d8}: Found class java.lang.Object, but interface was expected> (0x0000000704d259d8) 
thrown [open/src/hotspot/share/interpreter/linkResolver.cpp, line 826]
Event: 20.217 Thread 0x00007fa5e5809200 Exception <a 'java/lang/IncompatibleClassChangeError'{0x0000000704d2c258}: Found class java.lang.Object, but interface was expected> (0x0000000704d2c258) 
thrown [open/src/hotspot/share/interpreter/linkResolver.cpp, line 826]
Event: 20.350 Thread 0x00007fa5e5809200 Exception <a 'java/lang/NoSuchMethodError'{0x0000000704b01188}: 'java.lang.Object java.lang.invoke.DirectMethodHandle$Holder.invokeStatic(java.lang.Object, int, java.lang.Object)'> (0x0000000704b01188) 
thrown [open/src/hotspot/share/interpreter/linkResolver.cpp, line 759]
Event: 21.136 Thread 0x00007fa5e5809200 Exception <a 'java/lang/NoSuchMethodError'{0x0000000703e42cc0}: 'java.lang.Object java.lang.invoke.DirectMethodHandle$Holder.invokeStaticInit(java.lang.Object, java.lang.Object, java.lang.Object, java.lang.Object, java.lang.Object, java.lang.Object, java.lang.Object)'> (0x0000000703e42cc0) 
thrown [open/src/hotspot/share/interpreter/linkResolver.cpp, line 759]
Event: 21.146 Thread 0x00007fa5e5809200 Exception <a 'java/lang/NoSuchMethodError'{0x0000000703e64c90}: 'int java.lang.invoke.DirectMethodHandle$Holder.invokeStaticInit(java.lang.Object, int, int)'> (0x0000000703e64c90) 
thrown [open/src/hotspot/share/interpreter/linkResolver.cpp, line 759]
Event: 21.147 Thread 0x00007fa5e5809200 Exception <a 'java/lang/NoSuchMethodError'{0x0000000703e6d1c8}: 'int java.lang.invoke.DirectMethodHandle$Holder.invokeStaticInit(java.lang.Object, long, long)'> (0x0000000703e6d1c8) 
thrown [open/src/hotspot/share/interpreter/linkResolver.cpp, line 759]
Event: 21.149 Thread 0x00007fa5e5809200 Exception <a 'java/lang/NoSuchMethodError'{0x0000000703e74d60}: 'int java.lang.invoke.DirectMethodHandle$Holder.invokeStaticInit(java.lang.Object, float, float)'> (0x0000000703e74d60) 
thrown [open/src/hotspot/share/interpreter/linkResolver.cpp, line 759]
Event: 21.150 Thread 0x00007fa5e5809200 Exception <a 'java/lang/NoSuchMethodError'{0x0000000703e7c900}: 'int java.lang.invoke.DirectMethodHandle$Holder.invokeStaticInit(java.lang.Object, double, double)'> (0x0000000703e7c900) 
thrown [open/src/hotspot/share/interpreter/linkResolver.cpp, line 759]
Event: 21.152 Thread 0x00007fa5e5809200 Exception <a 'java/lang/NoSuchMethodError'{0x0000000703e81ba8}: 'int java.lang.invoke.DirectMethodHandle$Holder.invokeStatic(java.lang.Object, long)'> (0x0000000703e81ba8) 
thrown [open/src/hotspot/share/interpreter/linkResolver.cpp, line 759]
Event: 21.159 Thread 0x00007fa5e5809200 Exception <a 'java/lang/NoSuchMethodError'{0x0000000703ea5d28}: 'int java.lang.invoke.Invokers$Holder.linkToTargetMethod(java.lang.Object, java.lang.Object)'> (0x0000000703ea5d28) 
thrown [open/src/hotspot/share/interpreter/linkResolver.cpp, line 759]
Event: 21.249 Thread 0x00007fa5e5809200 Exception <a 'java/lang/IncompatibleClassChangeError'{0x0000000703c8bc30}: Found class java.lang.Object, but interface was expected> (0x0000000703c8bc30) 
thrown [open/src/hotspot/share/interpreter/linkResolver.cpp, line 826]
Event: 21.394 Thread 0x00007fa5e5809200 Exception <a 'java/lang/NoSuchMethodError'{0x0000000703a792c0}: 'void java.lang.invoke.DirectMethodHandle$Holder.invokeVirtual(java.lang.Object, java.lang.Object, long)'> (0x0000000703a792c0) 
thrown [open/src/hotspot/share/interpreter/linkResolver.cpp, line 759]
Event: 21.707 Thread 0x00007fa5e5809200 Exception <a 'java/lang/IncompatibleClassChangeError'{0x0000000703443b78}: Found class java.lang.Object, but interface was expected> (0x0000000703443b78) 
thrown [open/src/hotspot/share/interpreter/linkResolver.cpp, line 826]
Event: 21.724 Thread 0x00007fa5e5809200 Implicit null exception at 0x000000011e75cd57 to 0x000000011e75cf60
Event: 21.784 Thread 0x00007fa5e5809200 Exception <a 'java/lang/NoSuchMethodError'{0x0000000703590170}: 'java.lang.Object java.lang.invoke.DirectMethodHandle$Holder.invokeSpecial(java.lang.Object, java.lang.Object, java.lang.Object, java.lang.Object, java.lang.Object, java.lang.Object, java.lang.Object, java.lang.Object, java.lang.Object, java.lang.Object, java.lang.Object)'> (0x0000000703590170) 
thrown [open/src/hotspot/share/interpreter/linkResolver.cpp, line 759]
Event: 21.785 Thread 0x00007fa5e5809200 Exception <a 'java/lang/NoSuchMethodError'{0x00000007035945a0}: 'java.lang.Object java.lang.invoke.Invokers$Holder.invoke_MT(java.lang.Object, java.lang.Object, java.lang.Object, java.lang.Object, java.lang.Object, java.lang.Object, java.lang.Object, java.lang.Object, java.lang.Object, java.lang.Object, java.lang.Object)'> (0x00000007035945a0) 
thrown [open/src/hotspot/share/interpreter/linkResolver.cpp, line 759]
Event: 21.960 Thread 0x00007fa5e5809200 Exception <a 'java/lang/NoSuchMethodError'{0x0000000702e2fda0}: 'java.lang.Object java.lang.invoke.DirectMethodHandle$Holder.newInvokeSpecial(java.lang.Object, java.lang.Object, int, java.lang.Object, java.lang.Object)'> (0x0000000702e2fda0) 
thrown [open/src/hotspot/share/interpreter/linkResolver.cpp, line 759]
Event: 39.295 Thread 0x00007fa5e8116400 Exception <a 'java/lang/NoSuchMethodError'{0x000000070c01c588}: 'java.lang.Object java.lang.invoke.DirectMethodHandle$Holder.invokeSpecial(java.lang.Object, java.lang.Object, java.lang.Object, java.lang.Object, java.lang.Object, long)'> (0x000000070c01c588) 
thrown [open/src/hotspot/share/interpreter/linkResolver.cpp, line 759]
Event: 39.296 Thread 0x00007fa5e8116400 Exception <a 'java/lang/NoSuchMethodError'{0x000000070c01ffc8}: 'java.lang.Object java.lang.invoke.Invokers$Holder.linkToTargetMethod(java.lang.Object, java.lang.Object, java.lang.Object, long, java.lang.Object)'> (0x000000070c01ffc8) 
thrown [open/src/hotspot/share/interpreter/linkResolver.cpp, line 759]

VM Operations (20 events):
Event: 21.045 Executing VM operation: Cleanup
Event: 21.056 Executing VM operation: Cleanup done
Event: 21.452 Executing VM operation: HandshakeAllThreads
Event: 21.452 Executing VM operation: HandshakeAllThreads done
Event: 22.453 Executing VM operation: Cleanup
Event: 22.454 Executing VM operation: Cleanup done
Event: 27.457 Executing VM operation: Cleanup
Event: 27.457 Executing VM operation: Cleanup done
Event: 28.458 Executing VM operation: Cleanup
Event: 28.459 Executing VM operation: Cleanup done
Event: 39.262 Executing VM operation: G1CollectForAllocation
Event: 39.275 Executing VM operation: G1CollectForAllocation done
Event: 39.375 Executing VM operation: HandshakeAllThreads
Event: 39.376 Executing VM operation: HandshakeAllThreads done
Event: 39.633 Executing VM operation: HandshakeAllThreads
Event: 39.634 Executing VM operation: HandshakeAllThreads done
Event: 39.639 Executing VM operation: HandshakeAllThreads
Event: 39.639 Executing VM operation: HandshakeAllThreads done
Event: 39.674 Executing VM operation: HandshakeAllThreads
Event: 39.675 Executing VM operation: HandshakeAllThreads done

Events (20 events):
Event: 39.111 loading class sun/nio/ch/SelectionKeyImpl
Event: 39.111 loading class java/nio/channels/spi/AbstractSelectionKey
Event: 39.111 loading class java/nio/channels/SelectionKey
Event: 39.111 loading class java/nio/channels/SelectionKey done
Event: 39.111 loading class java/nio/channels/spi/AbstractSelectionKey done
Event: 39.111 loading class sun/nio/ch/SelectionKeyImpl done
Event: 39.111 loading class java/lang/invoke/ConstantBootstraps
Event: 39.112 loading class java/lang/invoke/ConstantBootstraps done
Event: 39.333 loading class sun/nio/cs/ThreadLocalCoders
Event: 39.333 loading class sun/nio/cs/ThreadLocalCoders done
Event: 39.335 loading class sun/nio/cs/ThreadLocalCoders$1
Event: 39.335 loading class sun/nio/cs/ThreadLocalCoders$Cache
Event: 39.335 loading class sun/nio/cs/ThreadLocalCoders$Cache done
Event: 39.335 loading class sun/nio/cs/ThreadLocalCoders$1 done
Event: 39.335 loading class sun/nio/cs/ThreadLocalCoders$2
Event: 39.335 loading class sun/nio/cs/ThreadLocalCoders$2 done
Event: 39.641 Thread 0x00007fa5eb0e0200 Thread added: 0x00007fa5eb0e0200
Event: 39.641 Protecting memory [0x0000700008b8c000,0x0000700008b90000] with protection modes 0
Event: 40.195 loading class java/util/EnumMap$EntryIterator$Entry
Event: 40.196 loading class java/util/EnumMap$EntryIterator$Entry done


Dynamic libraries:
0x000000010d2dc000 	/Library/Java/JavaVirtualMachines/jdk-17.jdk/Contents/Home/lib/libjli.dylib
0x00007ff81a9e9000 	/usr/lib/libz.1.dylib
0x00007ff81aad8000 	/usr/lib/libSystem.B.dylib
0x00007ff81aad2000 	/usr/lib/system/libcache.dylib
0x00007ff81aa89000 	/usr/lib/system/libcommonCrypto.dylib
0x00007ff81aab6000 	/usr/lib/system/libcompiler_rt.dylib
0x00007ff81aaa8000 	/usr/lib/system/libcopyfile.dylib
0x00007ff80e35b000 	/usr/lib/system/libcorecrypto.dylib
0x00007ff80e420000 	/usr/lib/system/libdispatch.dylib
0x00007ff80e5ca000 	/usr/lib/system/libdyld.dylib
0x00007ff81aac8000 	/usr/lib/system/libkeymgr.dylib
0x00007ff81aa68000 	/usr/lib/system/libmacho.dylib
0x00007ff819f70000 	/usr/lib/system/libquarantine.dylib
0x00007ff81aac6000 	/usr/lib/system/libremovefile.dylib
0x00007ff81316f000 	/usr/lib/system/libsystem_asl.dylib
0x00007ff80e2fc000 	/usr/lib/system/libsystem_blocks.dylib
0x00007ff80e46b000 	/usr/lib/system/libsystem_c.dylib
0x00007ff81aabe000 	/usr/lib/system/libsystem_collections.dylib
0x00007ff81904b000 	/usr/lib/system/libsystem_configuration.dylib
0x00007ff8180ec000 	/usr/lib/system/libsystem_containermanager.dylib
0x00007ff81a71c000 	/usr/lib/system/libsystem_coreservices.dylib
0x00007ff8111b9000 	/usr/lib/system/libsystem_darwin.dylib
0x00007ff81aac9000 	/usr/lib/system/libsystem_dnssd.dylib
0x00007ff80e468000 	/usr/lib/system/libsystem_featureflags.dylib
0x00007ff80e5f8000 	/usr/lib/system/libsystem_info.dylib
0x00007ff81a9fc000 	/usr/lib/system/libsystem_m.dylib
0x00007ff80e3f3000 	/usr/lib/system/libsystem_malloc.dylib
0x00007ff8130f2000 	/usr/lib/system/libsystem_networkextension.dylib
0x00007ff8115fc000 	/usr/lib/system/libsystem_notify.dylib
0x00007ff81904f000 	/usr/lib/system/libsystem_sandbox.dylib
0x00007ff81aac3000 	/usr/lib/system/libsystem_secinit.dylib
0x00007ff80e584000 	/usr/lib/system/libsystem_kernel.dylib
0x00007ff80e5ee000 	/usr/lib/system/libsystem_platform.dylib
0x00007ff80e5be000 	/usr/lib/system/libsystem_pthread.dylib
0x00007ff814bb1000 	/usr/lib/system/libsystem_symptoms.dylib
0x00007ff80e341000 	/usr/lib/system/libsystem_trace.dylib
0x00007ff81aa95000 	/usr/lib/system/libunwind.dylib
0x00007ff80e300000 	/usr/lib/system/libxpc.dylib
0x00007ff80e56f000 	/usr/lib/libc++abi.dylib
0x00007ff80e228000 	/usr/lib/libobjc.A.dylib
0x00007ff81aaa0000 	/usr/lib/liboah.dylib
0x00007ff80e4f3000 	/usr/lib/libc++.1.dylib
0x00007ff828044000 	/System/Library/Frameworks/Cocoa.framework/Versions/A/Cocoa
0x00007ff81165e000 	/System/Library/Frameworks/AppKit.framework/Versions/C/AppKit
0x00007ff81436c000 	/System/Library/Frameworks/CoreData.framework/Versions/A/CoreData
0x00007ff80f42c000 	/System/Library/Frameworks/Foundation.framework/Versions/C/Foundation
0x00007ff812667000 	/System/Library/PrivateFrameworks/UIFoundation.framework/Versions/A/UIFoundation
0x00007ffb13e86000 	/System/Library/PrivateFrameworks/CollectionViewCore.framework/Versions/A/CollectionViewCore
0x00007ff821f48000 	/System/Library/PrivateFrameworks/RemoteViewServices.framework/Versions/A/RemoteViewServices
0x00007ff8188d0000 	/System/Library/PrivateFrameworks/XCTTargetBootstrap.framework/Versions/A/XCTTargetBootstrap
0x00007ff81da21000 	/System/Library/PrivateFrameworks/InternationalSupport.framework/Versions/A/InternationalSupport
0x00007ff81daaa000 	/System/Library/PrivateFrameworks/UserActivity.framework/Versions/A/UserActivity
0x00007ffb2addb000 	/System/Library/PrivateFrameworks/WindowManagement.framework/Versions/A/WindowManagement
0x00007ff80f11b000 	/System/Library/Frameworks/SystemConfiguration.framework/Versions/A/SystemConfiguration
0x00007ff81cdfc000 	/usr/lib/libspindump.dylib
0x00007ff812835000 	/System/Library/Frameworks/UniformTypeIdentifiers.framework/Versions/A/UniformTypeIdentifiers
0x00007ff816a89000 	/usr/lib/libapp_launch_measurement.dylib
0x00007ff8157ef000 	/System/Library/PrivateFrameworks/CoreAnalytics.framework/Versions/A/CoreAnalytics
0x00007ff816a8c000 	/System/Library/PrivateFrameworks/CoreAutoLayout.framework/Versions/A/CoreAutoLayout
0x00007ff81813a000 	/System/Library/Frameworks/Metal.framework/Versions/A/Metal
0x00007ff81905a000 	/usr/lib/liblangid.dylib
0x00007ff8188d5000 	/System/Library/PrivateFrameworks/CoreSVG.framework/Versions/A/CoreSVG
0x00007ff8131a1000 	/System/Library/PrivateFrameworks/SkyLight.framework/Versions/A/SkyLight
0x00007ff813595000 	/System/Library/Frameworks/CoreGraphics.framework/Versions/A/CoreGraphics
0x00007ff82262f000 	/System/Library/Frameworks/Accelerate.framework/Versions/A/Accelerate
0x00007ff81c86d000 	/System/Library/PrivateFrameworks/IconServices.framework/Versions/A/IconServices
0x00007ff81811b000 	/System/Library/Frameworks/IOSurface.framework/Versions/A/IOSurface
0x00007ff81581a000 	/usr/lib/libDiagnosticMessagesClient.dylib
0x00007ff825d04000 	/System/Library/Frameworks/ApplicationServices.framework/Versions/A/ApplicationServices
0x00007ff8188bc000 	/System/Library/PrivateFrameworks/DFRFoundation.framework/Versions/A/DFRFoundation
0x00007ff810f28000 	/usr/lib/libicucore.A.dylib
0x00007ff81e8c0000 	/System/Library/Frameworks/AudioToolbox.framework/Versions/A/AudioToolbox
0x00007ff81da2c000 	/System/Library/PrivateFrameworks/DataDetectorsCore.framework/Versions/A/DataDetectorsCore
0x00007ff916019000 	/System/Library/PrivateFrameworks/TextInput.framework/Versions/A/TextInput
0x00007ff81310a000 	/usr/lib/libMobileGestalt.dylib
0x00007ff8185c4000 	/System/Library/Frameworks/Carbon.framework/Versions/A/Frameworks/HIToolbox.framework/Versions/A/HIToolbox
0x00007ff816414000 	/System/Library/Frameworks/QuartzCore.framework/Versions/A/QuartzCore
0x00007ff810b96000 	/System/Library/Frameworks/Security.framework/Versions/A/Security
0x00007ff821f80000 	/System/Library/Frameworks/Carbon.framework/Versions/A/Frameworks/SpeechRecognition.framework/Versions/A/SpeechRecognition
0x00007ff8167c7000 	/System/Library/PrivateFrameworks/CoreUI.framework/Versions/A/CoreUI
0x00007ff8104e4000 	/System/Library/Frameworks/CoreAudio.framework/Versions/A/CoreAudio
0x00007ff8158f3000 	/System/Library/Frameworks/DiskArbitration.framework/Versions/A/DiskArbitration
0x00007ff81d218000 	/System/Library/PrivateFrameworks/MultitouchSupport.framework/Versions/A/MultitouchSupport
0x00007ff813109000 	/usr/lib/libenergytrace.dylib
0x00007ff81153e000 	/System/Library/Frameworks/IOKit.framework/Versions/A/IOKit
0x00007ff82237e000 	/System/Library/Frameworks/CoreServices.framework/Versions/A/CoreServices
0x00007ff816a20000 	/System/Library/PrivateFrameworks/PerformanceAnalysis.framework/Versions/A/PerformanceAnalysis
0x00007ffa270ff000 	/System/Library/Frameworks/OpenGL.framework/Versions/A/OpenGL
0x00007ff816ad4000 	/usr/lib/libxml2.2.dylib
0x00007ff819e83000 	/System/Library/PrivateFrameworks/MobileKeyBag.framework/Versions/A/MobileKeyBag
0x00007ff813da2000 	/System/Library/Frameworks/ColorSync.framework/Versions/A/ColorSync
0x00007ff80e623000 	/System/Library/Frameworks/CoreFoundation.framework/Versions/A/CoreFoundation
0x00007ff818c26000 	/System/Library/Frameworks/CoreImage.framework/Versions/A/CoreImage
0x00007ff8102f2000 	/System/Library/Frameworks/CoreText.framework/Versions/A/CoreText
0x00007ff81890c000 	/System/Library/Frameworks/ImageIO.framework/Versions/A/ImageIO
0x00007ff81aade000 	/System/Library/PrivateFrameworks/SoftLinking.framework/Versions/A/SoftLinking
0x00007ff81ad5f000 	/usr/lib/libcompression.dylib
0x00007ff81d95a000 	/System/Library/PrivateFrameworks/TextureIO.framework/Versions/A/TextureIO
0x00007ff81c497000 	/usr/lib/libate.dylib
0x00007ff81c224000 	/usr/lib/liblzma.5.dylib
0x00007ff81aada000 	/usr/lib/libfakelink.dylib
0x00007ff812d51000 	/System/Library/Frameworks/CFNetwork.framework/Versions/A/CFNetwork
0x00007ff81ac17000 	/usr/lib/libarchive.2.dylib
0x00007ff820216000 	/System/Library/Frameworks/Combine.framework/Versions/A/Combine
0x00007ff81e35c000 	/usr/lib/swift/libswiftCore.dylib
0x00007ff912fe3000 	/usr/lib/swift/libswiftCoreFoundation.dylib
0x00007ff911073000 	/usr/lib/swift/libswiftDarwin.dylib
0x00007ff823bd1000 	/usr/lib/swift/libswiftDispatch.dylib
0x00007ff912fff000 	/usr/lib/swift/libswiftIOKit.dylib
0x00007ff826143000 	/usr/lib/swift/libswiftObjectiveC.dylib
0x00007ff912ff4000 	/usr/lib/swift/libswiftXPC.dylib
0x00007ffc13991000 	/usr/lib/swift/libswift_Concurrency.dylib
0x00007ffc13ace000 	/usr/lib/swift/libswift_StringProcessing.dylib
0x00007ff826147000 	/usr/lib/swift/libswiftos.dylib
0x00007ff8114c0000 	/System/Library/PrivateFrameworks/CoreServicesInternal.framework/Versions/A/CoreServicesInternal
0x00007ff819f97000 	/usr/lib/libbsm.0.dylib
0x00007ff81aa6d000 	/usr/lib/system/libkxld.dylib
0x00007ff816a54000 	/System/Library/Frameworks/CoreServices.framework/Versions/A/Frameworks/FSEvents.framework/Versions/A/FSEvents
0x00007ff8111c4000 	/System/Library/Frameworks/CoreServices.framework/Versions/A/Frameworks/CarbonCore.framework/Versions/A/CarbonCore
0x00007ff81585d000 	/System/Library/Frameworks/CoreServices.framework/Versions/A/Frameworks/Metadata.framework/Versions/A/Metadata
0x00007ff81a722000 	/System/Library/Frameworks/CoreServices.framework/Versions/A/Frameworks/OSServices.framework/Versions/A/OSServices
0x00007ff81ac9f000 	/System/Library/Frameworks/CoreServices.framework/Versions/A/Frameworks/SearchKit.framework/Versions/A/SearchKit
0x00007ff814b39000 	/System/Library/Frameworks/CoreServices.framework/Versions/A/Frameworks/AE.framework/Versions/A/AE
0x00007ff80eabe000 	/System/Library/Frameworks/CoreServices.framework/Versions/A/Frameworks/LaunchServices.framework/Versions/A/LaunchServices
0x00007ff81c1d5000 	/System/Library/Frameworks/CoreServices.framework/Versions/A/Frameworks/DictionaryServices.framework/Versions/A/DictionaryServices
0x00007ff816a61000 	/System/Library/Frameworks/CoreServices.framework/Versions/A/Frameworks/SharedFileList.framework/Versions/A/SharedFileList
0x00007ff81ad29000 	/usr/lib/libapple_nghttp2.dylib
0x00007ff812d4d000 	/usr/lib/libnetwork.dylib
0x00007ff8147eb000 	/usr/lib/libsqlite3.dylib
0x00007ff814bb9000 	/System/Library/Frameworks/Network.framework/Versions/A/Network
0x00007ffc128fc000 	/usr/lib/libCoreEntitlements.dylib
0x00007ffb1d907000 	/System/Library/PrivateFrameworks/MessageSecurity.framework/Versions/A/MessageSecurity
0x00007ff8147d2000 	/System/Library/PrivateFrameworks/ProtocolBuffer.framework/Versions/A/ProtocolBuffer
0x00007ff81a63e000 	/System/Library/PrivateFrameworks/AppleFSCompression.framework/Versions/A/AppleFSCompression
0x00007ff819f7f000 	/usr/lib/libcoretls.dylib
0x00007ff81c23d000 	/usr/lib/libcoretls_cfhelpers.dylib
0x00007ff81ad59000 	/usr/lib/libpam.2.dylib
0x00007ff81c2b0000 	/usr/lib/libxar.1.dylib
0x00007ff81c849000 	/usr/lib/libheimdal-asn1.dylib
0x00007ff81aadf000 	/usr/lib/libpcap.A.dylib
0x00007ff814ba8000 	/usr/lib/libdns_services.dylib
0x00007ff819056000 	/System/Library/PrivateFrameworks/AppleSystemInfo.framework/Versions/A/AppleSystemInfo
0x00007ff819c8a000 	/System/Library/PrivateFrameworks/IOMobileFramebuffer.framework/Versions/A/IOMobileFramebuffer
0x00007ff81a70d000 	/usr/lib/libbz2.1.0.dylib
0x00007ff819f73000 	/usr/lib/libCheckFix.dylib
0x00007ff813186000 	/System/Library/PrivateFrameworks/TCC.framework/Versions/A/TCC
0x00007ff81905c000 	/System/Library/PrivateFrameworks/CoreNLP.framework/Versions/A/CoreNLP
0x00007ff81581c000 	/System/Library/PrivateFrameworks/MetadataUtilities.framework/Versions/A/MetadataUtilities
0x00007ff819fa8000 	/usr/lib/libmecab.dylib
0x00007ff80f19b000 	/usr/lib/libCRFSuite.dylib
0x00007ff81a001000 	/usr/lib/libgermantok.dylib
0x00007ff81ad05000 	/usr/lib/libThaiTokenizer.dylib
0x00007ff8158fb000 	/System/Library/Frameworks/Accelerate.framework/Versions/A/Frameworks/vImage.framework/Versions/A/vImage
0x00007ff822351000 	/System/Library/Frameworks/Accelerate.framework/Versions/A/Frameworks/vecLib.framework/Versions/A/vecLib
0x00007ff81c2f2000 	/System/Library/Frameworks/Accelerate.framework/Versions/A/Frameworks/vecLib.framework/Versions/A/libvMisc.dylib
0x00007ff819a85000 	/System/Library/Frameworks/Accelerate.framework/Versions/A/Frameworks/vecLib.framework/Versions/A/libvDSP.dylib
0x00007ff80ee7e000 	/System/Library/Frameworks/Accelerate.framework/Versions/A/Frameworks/vecLib.framework/Versions/A/libBLAS.dylib
0x00007ff81ae3d000 	/System/Library/Frameworks/Accelerate.framework/Versions/A/Frameworks/vecLib.framework/Versions/A/libLAPACK.dylib
0x00007ff81a004000 	/System/Library/Frameworks/Accelerate.framework/Versions/A/Frameworks/vecLib.framework/Versions/A/libLinearAlgebra.dylib
0x00007ff81ad44000 	/System/Library/Frameworks/Accelerate.framework/Versions/A/Frameworks/vecLib.framework/Versions/A/libSparseBLAS.dylib
0x00007ff81ae37000 	/System/Library/Frameworks/Accelerate.framework/Versions/A/Frameworks/vecLib.framework/Versions/A/libQuadrature.dylib
0x00007ff819142000 	/System/Library/Frameworks/Accelerate.framework/Versions/A/Frameworks/vecLib.framework/Versions/A/libBNNS.dylib
0x00007ff80f0a4000 	/System/Library/Frameworks/Accelerate.framework/Versions/A/Frameworks/vecLib.framework/Versions/A/libSparse.dylib
0x00007ffb1cb41000 	/System/Library/PrivateFrameworks/MIL.framework/Versions/A/MIL
0x00007ff81ab14000 	/usr/lib/libiconv.2.dylib
0x00007ff81aa67000 	/usr/lib/libcharset.1.dylib
0x00007ff816a38000 	/System/Library/Frameworks/OpenDirectory.framework/Versions/A/Frameworks/CFOpenDirectory.framework/Versions/A/CFOpenDirectory
0x00007ff816a2c000 	/System/Library/Frameworks/OpenDirectory.framework/Versions/A/OpenDirectory
0x00007ff81c23f000 	/System/Library/PrivateFrameworks/APFS.framework/Versions/A/APFS
0x00007ff819eb6000 	/System/Library/Frameworks/SecurityFoundation.framework/Versions/A/SecurityFoundation
0x00007ff81c2be000 	/usr/lib/libutil.dylib
0x00007ffb1bae0000 	/System/Library/PrivateFrameworks/InstalledContentLibrary.framework/Versions/A/InstalledContentLibrary
0x00007ff811501000 	/System/Library/PrivateFrameworks/CoreServicesStore.framework/Versions/A/CoreServicesStore
0x00007ffb12a0a000 	/System/Library/PrivateFrameworks/AppleMobileFileIntegrity.framework/Versions/A/AppleMobileFileIntegrity
0x00007ff912fc5000 	/usr/lib/libmis.dylib
0x00007ff92189a000 	/System/Library/PrivateFrameworks/MobileSystemServices.framework/Versions/A/MobileSystemServices
0x00007ffa1d5a9000 	/System/Library/PrivateFrameworks/ConfigProfileHelper.framework/Versions/A/ConfigProfileHelper
0x00007ff81ad07000 	/System/Library/PrivateFrameworks/AppleSauce.framework/Versions/A/AppleSauce
0x00007ff80fdb5000 	/System/Library/PrivateFrameworks/LanguageModeling.framework/Versions/A/LanguageModeling
0x00007ff81c2c2000 	/usr/lib/libxslt.1.dylib
0x00007ff81ac06000 	/usr/lib/libcmph.dylib
0x00007ff819c77000 	/System/Library/PrivateFrameworks/CoreEmoji.framework/Versions/A/CoreEmoji
0x00007ff81913d000 	/System/Library/PrivateFrameworks/LinguisticData.framework/Versions/A/LinguisticData
0x00007ff80f05b000 	/System/Library/PrivateFrameworks/Lexicon.framework/Versions/A/Lexicon
0x00007ff819f44000 	/System/Library/PrivateFrameworks/BackgroundTaskManagement.framework/Versions/A/BackgroundTaskManagement
0x00007ffc12a3e000 	/usr/lib/libTLE.dylib
0x00007ffc13a17000 	/usr/lib/swift/libswift_RegexParser.dylib
0x00007ff81d0e2000 	/System/Library/PrivateFrameworks/AppleJPEG.framework/Versions/A/AppleJPEG
0x00007ff81c82e000 	/usr/lib/libexpat.1.dylib
0x00007ff81d7b2000 	/System/Library/Frameworks/ImageIO.framework/Versions/A/Resources/libPng.dylib
0x00007ff81d7e0000 	/System/Library/Frameworks/ImageIO.framework/Versions/A/Resources/libTIFF.dylib
0x00007ff81d8d4000 	/System/Library/Frameworks/ImageIO.framework/Versions/A/Resources/libGIF.dylib
0x00007ff81d12d000 	/System/Library/Frameworks/ImageIO.framework/Versions/A/Resources/libJP2.dylib
0x00007ff81d874000 	/System/Library/Frameworks/ImageIO.framework/Versions/A/Resources/libJPEG.dylib
0x00007ff81d86b000 	/System/Library/Frameworks/ImageIO.framework/Versions/A/Resources/libRadiance.dylib
0x00007ff81845d000 	/System/Library/PrivateFrameworks/FontServices.framework/libFontParser.dylib
0x00007ff814ade000 	/System/Library/PrivateFrameworks/RunningBoardServices.framework/Versions/A/RunningBoardServices
0x00007ff8286f1000 	/System/Library/PrivateFrameworks/IOSurfaceAccelerator.framework/Versions/A/IOSurfaceAccelerator
0x00007ff81d214000 	/System/Library/PrivateFrameworks/WatchdogClient.framework/Versions/A/WatchdogClient
0x00007ff80ff1b000 	/System/Library/Frameworks/CoreDisplay.framework/Versions/A/CoreDisplay
0x00007ff81834b000 	/System/Library/Frameworks/CoreMedia.framework/Versions/A/CoreMedia
0x00007ff818131000 	/System/Library/PrivateFrameworks/IOAccelerator.framework/Versions/A/IOAccelerator
0x00007ff816bb3000 	/System/Library/Frameworks/CoreVideo.framework/Versions/A/CoreVideo
0x00007ff81ad57000 	/System/Library/Frameworks/MetalPerformanceShaders.framework/Versions/A/MetalPerformanceShaders
0x00007ff81d253000 	/System/Library/Frameworks/VideoToolbox.framework/Versions/A/VideoToolbox
0x00007ff814a1c000 	/System/Library/PrivateFrameworks/BaseBoard.framework/Versions/A/BaseBoard
0x00007ff81d864000 	/System/Library/PrivateFrameworks/GPUWrangler.framework/Versions/A/GPUWrangler
0x00007ff81d848000 	/System/Library/PrivateFrameworks/IOPresentment.framework/Versions/A/IOPresentment
0x00007ff81d86e000 	/System/Library/PrivateFrameworks/DSExternalDisplay.framework/Versions/A/DSExternalDisplay
0x00007ffb17fb3000 	/System/Library/PrivateFrameworks/GPUCompiler.framework/Versions/31001/Libraries/libllvm-flatbuffers.dylib
0x00007ffa270f3000 	/System/Library/Frameworks/OpenGL.framework/Versions/A/Libraries/libCoreFSCache.dylib
0x00007ffb17faf000 	/System/Library/PrivateFrameworks/GPUCompiler.framework/Versions/31001/Libraries/libGPUCompilerUtils.dylib
0x00007ff81d8da000 	/System/Library/PrivateFrameworks/CMCaptureCore.framework/Versions/A/CMCaptureCore
0x00007ffa2c0cf000 	/System/Library/Frameworks/ExtensionFoundation.framework/Versions/A/ExtensionFoundation
0x00007ff824369000 	/System/Library/PrivateFrameworks/CoreTime.framework/Versions/A/CoreTime
0x00007ff81cde7000 	/System/Library/PrivateFrameworks/AppServerSupport.framework/Versions/A/AppServerSupport
0x00007ff81f17a000 	/System/Library/PrivateFrameworks/perfdata.framework/Versions/A/perfdata
0x00007ff810047000 	/System/Library/PrivateFrameworks/AudioToolboxCore.framework/Versions/A/AudioToolboxCore
0x00007ff818326000 	/System/Library/PrivateFrameworks/caulk.framework/Versions/A/caulk
0x00007ff81ea55000 	/usr/lib/libAudioStatistics.dylib
0x00007ff912433000 	/System/Library/PrivateFrameworks/SystemPolicy.framework/Versions/A/SystemPolicy
0x00007ff81ecf0000 	/usr/lib/libSMC.dylib
0x00007ff827ee2000 	/System/Library/Frameworks/CoreMIDI.framework/Versions/A/CoreMIDI
0x00007ff81d780000 	/usr/lib/libAudioToolboxUtility.dylib
0x00007ff82d86c000 	/System/Library/PrivateFrameworks/OSAServicesClient.framework/Versions/A/OSAServicesClient
0x00007ff81f187000 	/usr/lib/libperfcheck.dylib
0x00007ff81c70e000 	/System/Library/PrivateFrameworks/PlugInKit.framework/Versions/A/PlugInKit
0x00007ff819ea9000 	/System/Library/PrivateFrameworks/AssertionServices.framework/Versions/A/AssertionServices
0x00007ffa27150000 	/System/Library/Frameworks/OpenGL.framework/Versions/A/Libraries/libGLU.dylib
0x00007ffa27112000 	/System/Library/Frameworks/OpenGL.framework/Versions/A/Libraries/libGFXShared.dylib
0x00007ffa27311000 	/System/Library/Frameworks/OpenGL.framework/Versions/A/Libraries/libGL.dylib
0x00007ffa2711b000 	/System/Library/Frameworks/OpenGL.framework/Versions/A/Libraries/libGLImage.dylib
0x00007ffa2710f000 	/System/Library/Frameworks/OpenGL.framework/Versions/A/Libraries/libCVMSPluginSupport.dylib
0x00007ffc12a1d000 	/usr/lib/libRosetta.dylib
0x00007ffa270fa000 	/System/Library/Frameworks/OpenGL.framework/Versions/A/Libraries/libCoreVMClient.dylib
0x00007ff818fcb000 	/System/Library/Frameworks/MetalPerformanceShaders.framework/Versions/A/Frameworks/MPSCore.framework/Versions/A/MPSCore
0x00007ff81a5a8000 	/System/Library/Frameworks/MetalPerformanceShaders.framework/Versions/A/Frameworks/MPSImage.framework/Versions/A/MPSImage
0x00007ff81a01a000 	/System/Library/Frameworks/MetalPerformanceShaders.framework/Versions/A/Frameworks/MPSNeuralNetwork.framework/Versions/A/MPSNeuralNetwork
0x00007ff81a48b000 	/System/Library/Frameworks/MetalPerformanceShaders.framework/Versions/A/Frameworks/MPSMatrix.framework/Versions/A/MPSMatrix
0x00007ff81a247000 	/System/Library/Frameworks/MetalPerformanceShaders.framework/Versions/A/Frameworks/MPSRayIntersector.framework/Versions/A/MPSRayIntersector
0x00007ff81a4c7000 	/System/Library/Frameworks/MetalPerformanceShaders.framework/Versions/A/Frameworks/MPSNDArray.framework/Versions/A/MPSNDArray
0x00007ffa2d4b7000 	/System/Library/Frameworks/MetalPerformanceShaders.framework/Versions/A/Frameworks/MPSFunctions.framework/Versions/A/MPSFunctions
0x00007ff80ed3e000 	/System/Library/PrivateFrameworks/MetalTools.framework/Versions/A/MetalTools
0x00007ff819055000 	/System/Library/PrivateFrameworks/AggregateDictionary.framework/Versions/A/AggregateDictionary
0x00007ff81c5c4000 	/usr/lib/libIOReport.dylib
0x00007ffb2043c000 	/System/Library/PrivateFrameworks/PhotosensitivityProcessing.framework/Versions/A/PhotosensitivityProcessing
0x00007ffa27dd6000 	/System/Library/Frameworks/OpenCL.framework/Versions/A/OpenCL
0x00007ff81c976000 	/System/Library/PrivateFrameworks/GraphVisualizer.framework/Versions/A/GraphVisualizer
0x00007ffb17ec8000 	/System/Library/PrivateFrameworks/FontServices.framework/Versions/A/FontServices
0x00007ff81cda2000 	/System/Library/PrivateFrameworks/OTSVG.framework/Versions/A/OTSVG
0x00007ff81677b000 	/System/Library/Frameworks/ApplicationServices.framework/Versions/A/Frameworks/ATS.framework/Versions/A/Resources/libFontRegistry.dylib
0x00007ff81cdf1000 	/System/Library/PrivateFrameworks/FontServices.framework/libhvf.dylib
0x00007ffb17ec9000 	/System/Library/PrivateFrameworks/FontServices.framework/libXTFontStaticRegistryData.dylib
0x00007ff91de97000 	/usr/lib/swift/libswiftMetal.dylib
0x00007ff915f7a000 	/usr/lib/swift/libswiftsimd.dylib
0x00007ffb29b22000 	/System/Library/PrivateFrameworks/VideoToolboxParavirtualizationSupport.framework/Versions/A/VideoToolboxParavirtualizationSupport
0x00007ff81c7de000 	/System/Library/PrivateFrameworks/AppleVA.framework/Versions/A/AppleVA
0x00007ff81ea95000 	/System/Library/Frameworks/ApplicationServices.framework/Versions/A/Frameworks/ATS.framework/Versions/A/ATS
0x00007ff813e92000 	/System/Library/Frameworks/ApplicationServices.framework/Versions/A/Frameworks/HIServices.framework/Versions/A/HIServices
0x00007ff81d8e6000 	/System/Library/Frameworks/ApplicationServices.framework/Versions/A/Frameworks/PrintCore.framework/Versions/A/PrintCore
0x00007ff81ee46000 	/System/Library/Frameworks/ApplicationServices.framework/Versions/A/Frameworks/QD.framework/Versions/A/QD
0x00007ff81ee3e000 	/System/Library/Frameworks/ApplicationServices.framework/Versions/A/Frameworks/ColorSyncLegacy.framework/Versions/A/ColorSyncLegacy
0x00007ff81ea69000 	/System/Library/Frameworks/ApplicationServices.framework/Versions/A/Frameworks/SpeechSynthesis.framework/Versions/A/SpeechSynthesis
0x00007ff81d8a4000 	/System/Library/Frameworks/ApplicationServices.framework/Versions/A/Frameworks/ATSUI.framework/Versions/A/ATSUI
0x00007ff81edd0000 	/usr/lib/libcups.2.dylib
0x00007ff81f196000 	/System/Library/Frameworks/Kerberos.framework/Versions/A/Kerberos
0x00007ff81f1a5000 	/System/Library/Frameworks/GSS.framework/Versions/A/GSS
0x00007ff81eb03000 	/usr/lib/libresolv.9.dylib
0x00007ff81ce01000 	/System/Library/PrivateFrameworks/Heimdal.framework/Versions/A/Heimdal
0x00007ff8260c5000 	/System/Library/Frameworks/Kerberos.framework/Versions/A/Libraries/libHeimdalProxy.dylib
0x00007ff81f1f0000 	/System/Library/PrivateFrameworks/CommonAuth.framework/Versions/A/CommonAuth
0x00007ffa2b37e000 	/System/Library/Frameworks/AVFAudio.framework/Versions/A/AVFAudio
0x00007ff82d8b5000 	/System/Library/PrivateFrameworks/AXCoreUtilities.framework/Versions/A/AXCoreUtilities
0x00007ff81e9e3000 	/System/Library/PrivateFrameworks/AudioSession.framework/Versions/A/AudioSession
0x00007ff81ffe8000 	/System/Library/Frameworks/IOBluetooth.framework/Versions/A/IOBluetooth
0x00007ff81c8e4000 	/System/Library/PrivateFrameworks/MediaExperience.framework/Versions/A/MediaExperience
0x00007ff81e88d000 	/System/Library/PrivateFrameworks/AudioSession.framework/libSessionUtility.dylib
0x00007ff81ee52000 	/System/Library/PrivateFrameworks/AudioResourceArbitration.framework/Versions/A/AudioResourceArbitration
0x00007ff822f7b000 	/System/Library/PrivateFrameworks/PowerLog.framework/Versions/A/PowerLog
0x00007ff822eb9000 	/System/Library/Frameworks/CoreBluetooth.framework/Versions/A/CoreBluetooth
0x00007ff8260c6000 	/System/Library/Frameworks/AudioUnit.framework/Versions/A/AudioUnit
0x00007ff819d13000 	/System/Library/PrivateFrameworks/CoreUtils.framework/Versions/A/CoreUtils
0x00007ffb16996000 	/System/Library/PrivateFrameworks/CoreUtilsExtras.framework/Versions/A/CoreUtilsExtras
0x00007ffb1b96f000 	/System/Library/PrivateFrameworks/IO80211.framework/Versions/A/IO80211
0x00007ff81c852000 	/System/Library/PrivateFrameworks/IconFoundation.framework/Versions/A/IconFoundation
0x00007ff821f70000 	/System/Library/PrivateFrameworks/SpeechRecognitionCore.framework/Versions/A/SpeechRecognitionCore
0x000000010e369000 	/Library/Java/JavaVirtualMachines/jdk-17.jdk/Contents/Home/lib/server/libjvm.dylib
0x000000010d358000 	/Library/Java/JavaVirtualMachines/jdk-17.jdk/Contents/Home/lib/libjimage.dylib
0x000000010d396000 	/Library/Java/JavaVirtualMachines/jdk-17.jdk/Contents/Home/lib/libjava.dylib
0x000000010dde1000 	/Library/Java/JavaVirtualMachines/jdk-17.jdk/Contents/Home/lib/libnio.dylib
0x000000010ddfd000 	/Library/Java/JavaVirtualMachines/jdk-17.jdk/Contents/Home/lib/libnet.dylib
0x000000010de1d000 	/Library/Java/JavaVirtualMachines/jdk-17.jdk/Contents/Home/lib/libzip.dylib
0x000000010de31000 	/Library/Java/JavaVirtualMachines/jdk-17.jdk/Contents/Home/lib/libmanagement.dylib
0x000000010de41000 	/Library/Java/JavaVirtualMachines/jdk-17.jdk/Contents/Home/lib/libmanagement_ext.dylib
0x000000010de51000 	/Library/Java/JavaVirtualMachines/jdk-17.jdk/Contents/Home/lib/libverify.dylib
0x000000010d385000 	/Library/Java/JavaVirtualMachines/jdk-17.jdk/Contents/Home/lib/libextnet.dylib


VM Arguments:
java_command: com.casacultural.filme.FilmeApplication
java_class_path (initial): /Users/GFS_Mac/Library/CloudStorage/GoogleDrive-graciane.dev@gmail.com/Meu Drive/Curso TDS/UC 14/Atividade_2/filme/target/classes:/Users/GFS_Mac/.m2/repository/org/springframework/boot/spring-boot-starter-data-jpa/3.4.4/spring-boot-starter-data-jpa-3.4.4.jar:/Users/GFS_Mac/.m2/repository/org/springframework/boot/spring-boot-starter/3.4.4/spring-boot-starter-3.4.4.jar:/Users/GFS_Mac/.m2/repository/org/springframework/boot/spring-boot/3.4.4/spring-boot-3.4.4.jar:/Users/GFS_Mac/.m2/repository/org/springframework/boot/spring-boot-autoconfigure/3.4.4/spring-boot-autoconfigure-3.4.4.jar:/Users/GFS_Mac/.m2/repository/org/springframework/boot/spring-boot-starter-logging/3.4.4/spring-boot-starter-logging-3.4.4.jar:/Users/GFS_Mac/.m2/repository/ch/qos/logback/logback-classic/1.5.18/logback-classic-1.5.18.jar:/Users/GFS_Mac/.m2/repository/ch/qos/logback/logback-core/1.5.18/logback-core-1.5.18.jar:/Users/GFS_Mac/.m2/repository/org/apache/logging/log4j/log4j-to-slf4j/2.24.3/log4j-to-slf4j-2.24.3.jar:/Users/GFS_Mac/.m2/repository/org/apache/logging/log4j/log4j-api/2.24.3/log4j-api-2.24.3.jar:/Users/GFS_Mac/.m2/repository/org/slf4j/jul-to-slf4j/2.0.17/jul-to-slf4j-2.0.17.jar:/Users/GFS_Mac/.m2/repository/jakarta/annotation/jakarta.annotation-api/2.1.1/jakarta.annotation-api-2.1.1.jar:/Users/GFS_Mac/.m2/repository/org/yaml/snakeyaml/2.3/snakeyaml-2.3.jar:/Users/GFS_Mac/.m2/repository/org/springframework/boot/spring-boot-starter-jdbc/3.4.4/spring-boot-starter-jdbc-3.4.4.jar:/Users/GFS_Mac/.m2/repository/com/zaxxer/HikariCP/5.1.0/HikariCP-5.1.0.jar:/Users/GFS_Mac/.m2/repository/org/springframework/spring-jdbc/6.2.5/spring-jdbc-6.2.5.jar:/Users/GFS_Mac/.m2/repository/org/hibernate/orm/hibernate-core/6.6.11.Final/hibernate-core-6.6.11.Final.jar:/Users/GFS_Mac/.m2/repository/jakarta/persistence/jakarta.persistence-api/3.1.0/jakarta.persistence-api-3.1.0.jar:/Users/GFS_Mac/.m2/repository/jakarta/transaction/jakarta.transaction-api/2.0.1/jakarta.transaction-ap
Launcher Type: SUN_STANDARD

[Global flags]
     intx CICompilerCount                          = 3                                         {product} {ergonomic}
     uint ConcGCThreads                            = 1                                         {product} {ergonomic}
     uint G1ConcRefinementThreads                  = 4                                         {product} {ergonomic}
   size_t G1HeapRegionSize                         = 2097152                                   {product} {ergonomic}
    uintx GCDrainStackTargetSize                   = 64                                        {product} {ergonomic}
   size_t InitialHeapSize                          = 268435456                                 {product} {ergonomic}
   size_t MarkStackSize                            = 4194304                                   {product} {ergonomic}
   size_t MaxHeapSize                              = 4294967296                                {product} {ergonomic}
   size_t MaxNewSize                               = 2575302656                                {product} {ergonomic}
   size_t MinHeapDeltaBytes                        = 2097152                                   {product} {ergonomic}
   size_t MinHeapSize                              = 8388608                                   {product} {ergonomic}
    uintx NonNMethodCodeHeapSize                   = 5832780                                {pd product} {ergonomic}
    uintx NonProfiledCodeHeapSize                  = 122912730                              {pd product} {ergonomic}
    uintx ProfiledCodeHeapSize                     = 122912730                              {pd product} {ergonomic}
    uintx ReservedCodeCacheSize                    = 251658240                              {pd product} {ergonomic}
     bool SegmentedCodeCache                       = true                                      {product} {ergonomic}
   size_t SoftMaxHeapSize                          = 4294967296                             {manageable} {ergonomic}
     bool UseCompressedClassPointers               = true                           {product lp64_product} {ergonomic}
     bool UseCompressedOops                        = true                           {product lp64_product} {ergonomic}
     bool UseG1GC                                  = true                                      {product} {ergonomic}
     bool UseNUMA                                  = false                                     {product} {ergonomic}
     bool UseNUMAInterleaving                      = false                                     {product} {ergonomic}

Logging:
Log output configuration:
 #0: stdout all=warning uptime,level,tags
 #1: stderr all=off uptime,level,tags

Environment Variables:
JAVA_HOME=/Library/Java/JavaVirtualMachines/jdk-17.jdk/Contents/Home
PATH=/usr/bin:/bin:/usr/sbin:/sbin
SHELL=/bin/bash
LC_CTYPE=UTF-8

Signal Handlers:
   SIGSEGV: crash_handler in libjvm.dylib, mask=11100110000111110111111111111111, flags=SA_RESTART|SA_SIGINFO
    SIGBUS: crash_handler in libjvm.dylib, mask=11100110000111110111111111111111, flags=SA_RESTART|SA_SIGINFO
    SIGFPE: crash_handler in libjvm.dylib, mask=11100110000111110111111111111111, flags=SA_RESTART|SA_SIGINFO
   SIGPIPE: javaSignalHandler in libjvm.dylib, mask=11100110000111110111111111111111, flags=SA_RESTART|SA_SIGINFO
   SIGXFSZ: javaSignalHandler in libjvm.dylib, mask=11100110000111110111111111111111, flags=SA_RESTART|SA_SIGINFO
    SIGILL: crash_handler in libjvm.dylib, mask=11100110000111110111111111111111, flags=SA_RESTART|SA_SIGINFO
   SIGUSR2: SR_handler in libjvm.dylib, mask=00100000000000000000000000000000, flags=SA_RESTART|SA_SIGINFO
    SIGHUP: UserHandler in libjvm.dylib, mask=11100110000111110111111111111111, flags=SA_RESTART|SA_SIGINFO
    SIGINT: SIG_IGN, mask=00000000000000000000000000000000, flags=none
   SIGTERM: UserHandler in libjvm.dylib, mask=11100110000111110111111111111111, flags=SA_RESTART|SA_SIGINFO
   SIGQUIT: UserHandler in libjvm.dylib, mask=11100110000111110111111111111111, flags=SA_RESTART|SA_SIGINFO
   SIGTRAP: crash_handler in libjvm.dylib, mask=11100110000111110111111111111111, flags=SA_RESTART|SA_SIGINFO


---------------  S Y S T E M  ---------------

OS:
uname: Darwin 22.6.0 Darwin Kernel Version 22.6.0: Thu Dec  5 23:45:11 PST 2024; root:xnu-8796.141.3.709.7~4/RELEASE_X86_64 x86_64
OS uptime: 0 days 0:09 hours
rlimit (soft/hard): STACK 8192k/65532k , CORE 0k/infinity , NPROC 2784/4176 , NOFILE 10240/infinity , AS infinity/infinity , CPU infinity/infinity , DATA infinity/infinity , FSIZE infinity/infinity , MEMLOCK infinity/infinity , RSS infinity/infinity
load average: 10.92 58.56 53.22

CPU: total 4 (initial active 4) (2 cores per cpu, 2 threads per core) family 6 model 42 stepping 7 microcode 0x2f, cx8, cmov, fxsr, ht, mmx, sse, sse2, sse3, ssse3, sse4.1, sse4.2, popcnt, tsc, tscinvbit, avx, aes, clmul, vzeroupper, clflush

Memory: 4k page, physical 16777216k(2755832k free), swap 0k(0k free)

vm_info: Java HotSpot(TM) 64-Bit Server VM (17.0.10+11-LTS-240) for bsd-amd64 JRE (17.0.10+11-LTS-240), built on Dec 19 2023 21:56:46 by "mach5one" with clang Apple LLVM 12.0.0 (clang-1200.0.32.29)

END.
